[0.000000] (-) TimerEvent: {}
[0.002306] (articubot_one) JobQueued: {'identifier': 'articubot_one', 'dependencies': OrderedDict()}
[0.002532] (manual_drive) JobQueued: {'identifier': 'manual_drive', 'dependencies': OrderedDict()}
[0.003960] (articubot_one) JobStarted: {'identifier': 'articubot_one'}
[0.040275] (manual_drive) JobStarted: {'identifier': 'manual_drive'}
[0.076052] (articubot_one) JobProgress: {'identifier': 'articubot_one', 'progress': 'cmake'}
[0.080028] (articubot_one) JobProgress: {'identifier': 'articubot_one', 'progress': 'build'}
[0.083317] (articubot_one) Command: {'cmd': ['/usr/bin/cmake', '--build', '/home/rob/ros2_ws/build/articubot_one', '--', '-j4', '-l4'], 'cwd': '/home/rob/ros2_ws/build/articubot_one', 'env': OrderedDict([('USER', 'rob'), ('SSH_CLIENT', '192.168.1.7 8742 22'), ('XDG_SESSION_TYPE', 'tty'), ('SHLVL', '1'), ('MOTD_SHOWN', 'pam'), ('HOME', '/home/rob'), ('OLDPWD', '/home/rob/ros2_ws'), ('SSH_TTY', '/dev/pts/11'), ('DBUS_SESSION_BUS_ADDRESS', 'unix:path=/run/user/1000/bus'), ('LOGNAME', 'rob'), ('_', '/usr/local/bin/colcon'), ('XDG_SESSION_CLASS', 'user'), ('TERM', 'xterm-256color'), ('XDG_SESSION_ID', '6'), ('PATH', '/usr/local/sbin:/usr/local/bin:/usr/sbin:/usr/bin:/sbin:/bin:/usr/games:/usr/local/games:/snap/bin'), ('XDG_RUNTIME_DIR', '/run/user/1000'), ('DISPLAY', 'localhost:10.0'), ('LANG', 'C.UTF-8'), ('SHELL', '/bin/bash'), ('PWD', '/home/rob/ros2_ws/build/articubot_one'), ('SSH_CONNECTION', '192.168.1.7 8742 192.168.1.2 22'), ('XDG_DATA_DIRS', '/usr/local/share:/usr/share:/var/lib/snapd/desktop'), ('COLCON', '1')]), 'shell': False}
[0.096745] (-) TimerEvent: {}
[0.197767] (-) TimerEvent: {}
[0.298877] (-) TimerEvent: {}
[0.307021] (articubot_one) StdoutLine: {'line': b'-- Found ament_cmake: 1.3.11 (/opt/ros/humble/share/ament_cmake/cmake)\n'}
[0.399069] (-) TimerEvent: {}
[0.500106] (-) TimerEvent: {}
[0.601617] (-) TimerEvent: {}
[0.703228] (-) TimerEvent: {}
[0.810240] (-) TimerEvent: {}
[0.911224] (-) TimerEvent: {}
[1.013522] (-) TimerEvent: {}
[1.122438] (-) TimerEvent: {}
[1.223246] (-) TimerEvent: {}
[1.319452] (articubot_one) StderrLine: {'line': b'Traceback (most recent call last):\n'}
[1.320358] (articubot_one) StderrLine: {'line': b'  File "/opt/ros/humble/share/ament_cmake_core/cmake/package_templates/templates_2_cmake.py", line 21, in <module>\n'}
[1.323458] (-) TimerEvent: {}
[1.325298] (articubot_one) StderrLine: {'line': b'    from ament_package.templates import get_environment_hook_template_path\n'}
[1.326223] (articubot_one) StderrLine: {'line': b"ModuleNotFoundError: No module named 'ament_package'\n"}
[1.423696] (-) TimerEvent: {}
[1.429974] (articubot_one) StderrLine: {'line': b'\x1b[31mCMake Error at /opt/ros/humble/share/ament_cmake_core/cmake/ament_cmake_package_templates-extras.cmake:41 (message):\n'}
[1.430976] (articubot_one) StderrLine: {'line': b'  execute_process(/usr/bin/python3\n'}
[1.431558] (articubot_one) StderrLine: {'line': b'  /opt/ros/humble/share/ament_cmake_core/cmake/package_templates/templates_2_cmake.py\n'}
[1.432116] (articubot_one) StderrLine: {'line': b'  /home/rob/ros2_ws/build/articubot_one/ament_cmake_package_templates/templates.cmake)\n'}
[1.432655] (articubot_one) StderrLine: {'line': b'  returned error code 1\n'}
[1.433159] (articubot_one) StderrLine: {'line': b'Call Stack (most recent call first):\n'}
[1.433652] (articubot_one) StderrLine: {'line': b'  /opt/ros/humble/share/ament_cmake_core/cmake/ament_cmake_coreConfig.cmake:41 (include)\n'}
[1.434434] (articubot_one) StderrLine: {'line': b'  /opt/ros/humble/share/ament_cmake/cmake/ament_cmake_export_dependencies-extras.cmake:15 (find_package)\n'}
[1.435061] (articubot_one) StderrLine: {'line': b'  /opt/ros/humble/share/ament_cmake/cmake/ament_cmakeConfig.cmake:41 (include)\n'}
[1.435589] (articubot_one) StderrLine: {'line': b'  CMakeLists.txt:18 (find_package)\n'}
[1.436104] (articubot_one) StderrLine: {'line': b'\n'}
[1.436623] (articubot_one) StderrLine: {'line': b'\x1b[0m\n'}
[1.437141] (articubot_one) StdoutLine: {'line': b'-- Configuring incomplete, errors occurred!\n'}
[1.438515] (articubot_one) StdoutLine: {'line': b'See also "/home/rob/ros2_ws/build/articubot_one/CMakeFiles/CMakeOutput.log".\n'}
[1.453757] (articubot_one) StderrLine: {'line': b'gmake: *** [Makefile:226: cmake_check_build_system] Error 1\n'}
[1.523926] (-) TimerEvent: {}
[1.624941] (-) TimerEvent: {}
[1.726787] (-) TimerEvent: {}
[1.799602] (articubot_one) CommandEnded: {'returncode': 2}
[1.827448] (-) TimerEvent: {}
[1.869798] (articubot_one) JobEnded: {'identifier': 'articubot_one', 'rc': 2}
[1.873897] (manual_drive) JobEnded: {'identifier': 'manual_drive', 'rc': 'SIGINT'}
[1.884332] (-) EventReactorShutdown: {}
