[0.082s] Invoking command in '/home/rob/ros2_ws/build/articubot_one': /usr/bin/cmake --build /home/rob/ros2_ws/build/articubot_one -- -j4 -l4
[0.304s] -- Found ament_cmake: 1.3.11 (/opt/ros/humble/share/ament_cmake/cmake)
[1.316s] Traceback (most recent call last):
[1.317s]   File "/opt/ros/humble/share/ament_cmake_core/cmake/package_templates/templates_2_cmake.py", line 21, in <module>
[1.322s]     from ament_package.templates import get_environment_hook_template_path
[1.323s] ModuleNotFoundError: No module named 'ament_package'
[1.427s] [31mCMake Error at /opt/ros/humble/share/ament_cmake_core/cmake/ament_cmake_package_templates-extras.cmake:41 (message):
[1.427s]   execute_process(/usr/bin/python3
[1.428s]   /opt/ros/humble/share/ament_cmake_core/cmake/package_templates/templates_2_cmake.py
[1.428s]   /home/rob/ros2_ws/build/articubot_one/ament_cmake_package_templates/templates.cmake)
[1.429s]   returned error code 1
[1.429s] Call Stack (most recent call first):
[1.430s]   /opt/ros/humble/share/ament_cmake_core/cmake/ament_cmake_coreConfig.cmake:41 (include)
[1.431s]   /opt/ros/humble/share/ament_cmake/cmake/ament_cmake_export_dependencies-extras.cmake:15 (find_package)
[1.431s]   /opt/ros/humble/share/ament_cmake/cmake/ament_cmakeConfig.cmake:41 (include)
[1.432s]   CMakeLists.txt:18 (find_package)
[1.432s] 
[1.433s] [0m
[1.434s] -- Configuring incomplete, errors occurred!
[1.435s] See also "/home/rob/ros2_ws/build/articubot_one/CMakeFiles/CMakeOutput.log".
[1.450s] gmake: *** [Makefile:226: cmake_check_build_system] Error 1
[1.796s] Invoked command in '/home/rob/ros2_ws/build/articubot_one' returned '2': /usr/bin/cmake --build /home/rob/ros2_ws/build/articubot_one -- -j4 -l4
